<?xml version="1.0" encoding="UTF-8"?>
<testsuite xmlns:xsi="http://www.w3.org/2001/XMLSchema-instance" xsi:noNamespaceSchemaLocation="https://maven.apache.org/surefire/maven-surefire-plugin/xsd/surefire-test-report.xsd" name="testRunner.TestRun" time="50.291" tests="2" errors="0" skipped="0" failures="0">
  <properties>
[...]
</properties>
  <testcase name="Search Customer by email ID" classname="Customers" time="25.598"/>
  <testcase name="Search Customer by name(multiple customer by same Name) so identify by email" classname="Customers" time="23.779"/>
</testsuite>